Vivado Simulator 2016.4
Copyright 1986-1999, 2001-2016 Xilinx, Inc. All Rights Reserved.
Running: C:/Xilinx/Vivado/2016.4/bin/unwrapped/win64.o/xelab.exe -wto d655cab1f3ad4ac3a0586a367c47a8d1 --debug typical --relax --mt 2 -L blk_mem_gen_v8_3_5 -L xil_defaultlib -L unisims_ver -L unimacro_ver -L secureip -L xpm --snapshot testbench_behav xil_defaultlib.testbench xil_defaultlib.glbl -log elaborate.log 
Using 2 slave threads.
Starting static elaboration
WARNING: [VRFC 10-1783] select index 30 into current_contents is out of bounds [/wrk/2016.4/nightly/2017_01_23_1756540/packages/customer/vivado/data/ip/xilinx/blk_mem_gen_v8_3/simulation/blk_mem_gen_v8_3.v:2419]
WARNING: [VRFC 10-1783] select index 62 into current_contents is out of bounds [/wrk/2016.4/nightly/2017_01_23_1756540/packages/customer/vivado/data/ip/xilinx/blk_mem_gen_v8_3/simulation/blk_mem_gen_v8_3.v:2420]
Completed static elaboration
Starting simulation data flow analysis
Completed simulation data flow analysis
Time Resolution for simulation is 1ps
Compiling module unisims_ver.IBUF
Compiling module unisims_ver.MMCME2_ADV(BANDWIDTH="OPTIMIZED"...
Compiling module unisims_ver.MMCME2_BASE(CLKFBOUT_MULT_F=10.0...
Compiling module unisims_ver.BUFH
Compiling module unisims_ver.BUFGCE_default
Compiling module unisims_ver.ODDR
Compiling module xil_defaultlib.vga_timing
Compiling module blk_mem_gen_v8_3_5.blk_mem_gen_v8_3_5_output_stage(...
Compiling module blk_mem_gen_v8_3_5.blk_mem_gen_v8_3_5_output_stage(...
Compiling module blk_mem_gen_v8_3_5.blk_mem_gen_v8_3_5_softecc_outpu...
Compiling module blk_mem_gen_v8_3_5.blk_mem_gen_v8_3_5_mem_module(C_...
Compiling module blk_mem_gen_v8_3_5.blk_mem_gen_v8_3_5(C_FAMILY="art...
Compiling module xil_defaultlib.framebuffer
Compiling module xil_defaultlib.linedraw
Compiling module xil_defaultlib.vga_example
Compiling module xil_defaultlib.tiff_writer
Compiling module xil_defaultlib.testbench
Compiling module xil_defaultlib.glbl
Built simulation snapshot testbench_behav
