Vivado Simulator 2016.4
Time resolution is 1 ps
Block Memory Generator module testbench.my_example.my_framebuffer.inst.native_mem_module.blk_mem_gen_v8_3_5_inst is using a behavioral model for simulation which will not precisely model memory collision behavior.
If simulation ends before the testbench
completes, use the menu option to run all.
Prepare to wait a long time...
Info: vertical blank interrupt at          15840690000
Info: tiff_writer started frame           0
Info: wrote register 6 with data 03
Info: wrote register 5 with data 0f
Info: wrote register 0 with data 80
Info: wrote register 1 with data 7e
Info: wrote register 2 with data 80
Info: wrote register 3 with data 64
Info: wrote register 4 with data 01
Info: it is busy, waiting...
Info: read register 4 with data 01
Info: it is busy, waiting...
Info: read register 4 with data 01
Info: it is busy, waiting...
Info: read register 4 with data 01
Info: it is busy, waiting...
Info: read register 4 with data 01
Info: it is busy, waiting...
Info: read register 4 with data 01
Info: it is busy, waiting...
Info: read register 4 with data 01
Info: it is busy, waiting...
Info: read register 4 with data 01
Info: it is busy, waiting...
Info: read register 4 with data 01
Info: it is busy, waiting...
Info: read register 4 with data 01
Info: it is busy, waiting...
Info: read register 4 with data 00
Info: wrote register 0 with data 80
Info: wrote register 1 with data 82
Info: wrote register 2 with data 80
Info: wrote register 3 with data 9c
Info: wrote register 4 with data 01
Info: it is busy, waiting...
Info: read register 4 with data 01
Info: it is busy, waiting...
Info: read register 4 with data 01
Info: it is busy, waiting...
Info: read register 4 with data 01
Info: it is busy, waiting...
Info: read register 4 with data 01
Info: it is busy, waiting...
Info: read register 4 with data 01
Info: it is busy, waiting...
Info: read register 4 with data 01
Info: it is busy, waiting...
Info: read register 4 with data 01
Info: it is busy, waiting...
Info: read register 4 with data 01
Info: it is busy, waiting...
Info: read register 4 with data 01
Info: it is busy, waiting...
Info: read register 4 with data 00
Info: wrote register 0 with data 7e
Info: wrote register 1 with data 80
Info: wrote register 2 with data 64
Info: wrote register 3 with data 80
Info: wrote register 4 with data 01
Info: it is busy, waiting...
Info: read register 4 with data 01
Info: it is busy, waiting...
Info: read register 4 with data 01
Info: it is busy, waiting...
Info: read register 4 with data 01
Info: it is busy, waiting...
Info: read register 4 with data 01
Info: it is busy, waiting...
Info: read register 4 with data 01
Info: it is busy, waiting...
Info: read register 4 with data 01
Info: it is busy, waiting...
Info: read register 4 with data 01
Info: it is busy, waiting...
Info: read register 4 with data 01
Info: it is busy, waiting...
Info: read register 4 with data 01
Info: it is busy, waiting...
Info: read register 4 with data 00
Info: wrote register 0 with data 82
Info: wrote register 1 with data 80
Info: wrote register 2 with data 9c
Info: wrote register 3 with data 80
Info: wrote register 4 with data 01
Info: it is busy, waiting...
Info: read register 4 with data 01
Info: it is busy, waiting...
Info: read register 4 with data 01
Info: it is busy, waiting...
Info: read register 4 with data 01
Info: it is busy, waiting...
Info: read register 4 with data 01
Info: it is busy, waiting...
Info: read register 4 with data 01
Info: it is busy, waiting...
Info: read register 4 with data 01
Info: it is busy, waiting...
Info: read register 4 with data 01
Info: it is busy, waiting...
Info: read register 4 with data 01
Info: it is busy, waiting...
Info: read register 4 with data 01
Info: it is busy, waiting...
Info: read register 4 with data 00
Info: wrote register 0 with data 6c
Info: wrote register 1 with data 50
Info: wrote register 2 with data 80
Info: wrote register 3 with data 0a
Info: wrote register 4 with data 01
Info: it is busy, waiting...
Info: read register 4 with data 01
Info: it is busy, waiting...
Info: read register 4 with data 01
Info: it is busy, waiting...
Info: read register 4 with data 01
Info: it is busy, waiting...
Info: read register 4 with data 01
Info: it is busy, waiting...
Info: read register 4 with data 01
Info: it is busy, waiting...
Info: read register 4 with data 01
Info: it is busy, waiting...
Info: read register 4 with data 01
Info: it is busy, waiting...
Info: read register 4 with data 01
Info: it is busy, waiting...
Info: read register 4 with data 01
Info: it is busy, waiting...
Info: read register 4 with data 01
Info: it is busy, waiting...
Info: read register 4 with data 01
Info: it is busy, waiting...
Info: read register 4 with data 01
Info: it is busy, waiting...
Info: read register 4 with data 01
Info: it is busy, waiting...
Info: read register 4 with data 01
Info: it is busy, waiting...
Info: read register 4 with data 01
Info: it is busy, waiting...
Info: read register 4 with data 01
Info: it is busy, waiting...
Info: read register 4 with data 01
Info: it is busy, waiting...
Info: read register 4 with data 01
Info: it is busy, waiting...
Info: read register 4 with data 01
Info: it is busy, waiting...
Info: read register 4 with data 01
Info: it is busy, waiting...
Info: read register 4 with data 01
Info: it is busy, waiting...
Info: read register 4 with data 01
Info: it is busy, waiting...
Info: read register 4 with data 01
Info: it is busy, waiting...
Info: read register 4 with data 00
Info: wrote register 0 with data 80
Info: wrote register 1 with data 0a
Info: wrote register 2 with data 94
Info: wrote register 3 with data 50
Info: wrote register 4 with data 01
Info: it is busy, waiting...
Info: read register 4 with data 01
Info: it is busy, waiting...
Info: read register 4 with data 01
Info: it is busy, waiting...
Info: read register 4 with data 01
Info: it is busy, waiting...
Info: read register 4 with data 01
Info: it is busy, waiting...
Info: read register 4 with data 01
Info: it is busy, waiting...
Info: read register 4 with data 01
Info: it is busy, waiting...
Info: read register 4 with data 01
Info: it is busy, waiting...
Info: read register 4 with data 01
Info: it is busy, waiting...
Info: read register 4 with data 01
Info: it is busy, waiting...
Info: read register 4 with data 01
Info: it is busy, waiting...
Info: read register 4 with data 01
Info: it is busy, waiting...
Info: read register 4 with data 01
Info: it is busy, waiting...
Info: read register 4 with data 01
Info: it is busy, waiting...
Info: read register 4 with data 01
Info: it is busy, waiting...
Info: read register 4 with data 01
Info: it is busy, waiting...
Info: read register 4 with data 01
Info: it is busy, waiting...
Info: read register 4 with data 01
Info: it is busy, waiting...
Info: read register 4 with data 01
Info: it is busy, waiting...
Info: read register 4 with data 01
Info: it is busy, waiting...
Info: read register 4 with data 01
Info: it is busy, waiting...
Info: read register 4 with data 01
Info: it is busy, waiting...
Info: read register 4 with data 01
Info: it is busy, waiting...
Info: read register 4 with data 01
Info: it is busy, waiting...
Info: read register 4 with data 00
Info: wrote register 0 with data 78
Info: wrote register 1 with data 28
Info: wrote register 2 with data 88
Info: wrote register 3 with data 28
Info: wrote register 4 with data 01
Info: it is busy, waiting...
Info: read register 4 with data 01
Info: it is busy, waiting...
Info: read register 4 with data 01
Info: it is busy, waiting...
Info: read register 4 with data 01
Info: it is busy, waiting...
Info: read register 4 with data 01
Info: it is busy, waiting...
Info: read register 4 with data 01
Info: it is busy, waiting...
Info: read register 4 with data 00
Info: wrote register 0 with data 80
Info: wrote register 1 with data fa
Info: wrote register 2 with data 80
Info: wrote register 3 with data be
Info: wrote register 4 with data 01
Info: it is busy, waiting...
Info: read register 4 with data 01
Info: it is busy, waiting...
Info: read register 4 with data 01
Info: it is busy, waiting...
Info: read register 4 with data 01
Info: it is busy, waiting...
Info: read register 4 with data 01
Info: it is busy, waiting...
Info: read register 4 with data 01
Info: it is busy, waiting...
Info: read register 4 with data 01
Info: it is busy, waiting...
Info: read register 4 with data 01
Info: it is busy, waiting...
Info: read register 4 with data 01
Info: it is busy, waiting...
Info: read register 4 with data 01
Info: it is busy, waiting...
Info: read register 4 with data 01
Info: it is busy, waiting...
Info: read register 4 with data 01
Info: it is busy, waiting...
Info: read register 4 with data 01
Info: it is busy, waiting...
Info: read register 4 with data 01
Info: it is busy, waiting...
Info: read register 4 with data 01
Info: it is busy, waiting...
Info: read register 4 with data 01
Info: it is busy, waiting...
Info: read register 4 with data 01
Info: it is busy, waiting...
Info: read register 4 with data 01
Info: it is busy, waiting...
Info: read register 4 with data 01
Info: it is busy, waiting...
Info: read register 4 with data 01
Info: it is busy, waiting...
Info: read register 4 with data 01
Info: it is busy, waiting...
Info: read register 4 with data 00
Info: wrote register 0 with data 80
Info: wrote register 1 with data be
Info: wrote register 2 with data 6e
Info: wrote register 3 with data e1
Info: wrote register 4 with data 01
Info: it is busy, waiting...
Info: read register 4 with data 01
Info: it is busy, waiting...
Info: read register 4 with data 01
Info: it is busy, waiting...
Info: read register 4 with data 01
Info: it is busy, waiting...
Info: read register 4 with data 01
Info: it is busy, waiting...
Info: read register 4 with data 01
Info: it is busy, waiting...
Info: read register 4 with data 01
Info: it is busy, waiting...
Info: read register 4 with data 01
Info: it is busy, waiting...
Info: read register 4 with data 01
Info: it is busy, waiting...
Info: read register 4 with data 01
Info: it is busy, waiting...
Info: read register 4 with data 01
Info: it is busy, waiting...
Info: read register 4 with data 01
Info: it is busy, waiting...
Info: read register 4 with data 01
Info: it is busy, waiting...
Info: read register 4 with data 00
Info: wrote register 0 with data 6e
Info: wrote register 1 with data e1
Info: wrote register 2 with data 82
Info: wrote register 3 with data e1
Info: wrote register 4 with data 01
Info: it is busy, waiting...
Info: read register 4 with data 01
Info: it is busy, waiting...
Info: read register 4 with data 01
Info: it is busy, waiting...
Info: read register 4 with data 01
Info: it is busy, waiting...
Info: read register 4 with data 01
Info: it is busy, waiting...
Info: read register 4 with data 01
Info: it is busy, waiting...
Info: read register 4 with data 01
Info: it is busy, waiting...
Info: read register 4 with data 01
Info: it is busy, waiting...
Info: read register 4 with data 00
Info: wrote register 5 with data 07
Info: wrote register 0 with data 7e
Info: wrote register 1 with data 7e
Info: wrote register 2 with data 64
Info: wrote register 3 with data 64
Info: wrote register 4 with data 01
Info: it is busy, waiting...
Info: read register 4 with data 01
Info: it is busy, waiting...
Info: read register 4 with data 01
Info: it is busy, waiting...
Info: read register 4 with data 01
Info: it is busy, waiting...
Info: read register 4 with data 01
Info: it is busy, waiting...
Info: read register 4 with data 01
Info: it is busy, waiting...
Info: read register 4 with data 01
Info: it is busy, waiting...
Info: read register 4 with data 01
Info: it is busy, waiting...
Info: read register 4 with data 01
Info: it is busy, waiting...
Info: read register 4 with data 01
Info: it is busy, waiting...
Info: read register 4 with data 00
Info: wrote register 0 with data 82
Info: wrote register 1 with data 7e
Info: wrote register 2 with data 9c
Info: wrote register 3 with data 64
Info: wrote register 4 with data 01
Info: it is busy, waiting...
Info: read register 4 with data 01
Info: it is busy, waiting...
Info: read register 4 with data 01
Info: it is busy, waiting...
Info: read register 4 with data 01
Info: it is busy, waiting...
Info: read register 4 with data 01
Info: it is busy, waiting...
Info: read register 4 with data 01
Info: it is busy, waiting...
Info: read register 4 with data 01
Info: it is busy, waiting...
Info: read register 4 with data 01
Info: it is busy, waiting...
Info: read register 4 with data 01
Info: it is busy, waiting...
Info: read register 4 with data 01
Info: it is busy, waiting...
Info: read register 4 with data 00
Info: wrote register 0 with data 7e
Info: wrote register 1 with data 82
Info: wrote register 2 with data 64
Info: wrote register 3 with data 9c
Info: wrote register 4 with data 01
Info: it is busy, waiting...
Info: read register 4 with data 01
Info: it is busy, waiting...
Info: read register 4 with data 01
Info: it is busy, waiting...
Info: read register 4 with data 01
Info: it is busy, waiting...
Info: read register 4 with data 01
Info: it is busy, waiting...
Info: read register 4 with data 01
Info: it is busy, waiting...
Info: read register 4 with data 01
Info: it is busy, waiting...
Info: read register 4 with data 01
Info: it is busy, waiting...
Info: read register 4 with data 01
Info: it is busy, waiting...
Info: read register 4 with data 01
Info: it is busy, waiting...
Info: read register 4 with data 00
Info: wrote register 0 with data 82
Info: wrote register 1 with data 82
Info: wrote register 2 with data 9c
Info: wrote register 3 with data 9c
Info: wrote register 4 with data 01
Info: it is busy, waiting...
Info: read register 4 with data 01
Info: it is busy, waiting...
Info: read register 4 with data 01
Info: it is busy, waiting...
Info: read register 4 with data 01
Info: it is busy, waiting...
Info: read register 4 with data 01
Info: it is busy, waiting...
Info: read register 4 with data 01
Info: it is busy, waiting...
Info: read register 4 with data 01
Info: it is busy, waiting...
Info: read register 4 with data 01
Info: it is busy, waiting...
Info: read register 4 with data 01
Info: it is busy, waiting...
Info: read register 4 with data 01
Info: it is busy, waiting...
Info: read register 4 with data 00
Info: wrote register 5 with data 03
Info: wrote register 0 with data 7d
Info: wrote register 1 with data 7f
Info: wrote register 2 with data 64
Info: wrote register 3 with data 72
Info: wrote register 4 with data 01
Info: it is busy, waiting...
Info: read register 4 with data 01
Info: it is busy, waiting...
Info: read register 4 with data 01
Info: it is busy, waiting...
Info: read register 4 with data 01
Info: it is busy, waiting...
Info: read register 4 with data 01
Info: it is busy, waiting...
Info: read register 4 with data 01
Info: it is busy, waiting...
Info: read register 4 with data 01
Info: it is busy, waiting...
Info: read register 4 with data 01
Info: it is busy, waiting...
Info: read register 4 with data 01
Info: it is busy, waiting...
Info: read register 4 with data 00
Info: wrote register 0 with data 7f
Info: wrote register 1 with data 7d
Info: wrote register 2 with data 72
Info: wrote register 3 with data 64
Info: wrote register 4 with data 01
Info: it is busy, waiting...
Info: read register 4 with data 01
Info: it is busy, waiting...
Info: read register 4 with data 01
Info: it is busy, waiting...
Info: read register 4 with data 01
Info: it is busy, waiting...
Info: read register 4 with data 01
Info: it is busy, waiting...
Info: read register 4 with data 01
Info: it is busy, waiting...
Info: read register 4 with data 01
Info: it is busy, waiting...
Info: read register 4 with data 01
Info: it is busy, waiting...
Info: read register 4 with data 01
Info: it is busy, waiting...
Info: read register 4 with data 00
Info: wrote register 0 with data 81
Info: wrote register 1 with data 7d
Info: wrote register 2 with data 8e
Info: wrote register 3 with data 64
Info: wrote register 4 with data 01
Info: it is busy, waiting...
Info: read register 4 with data 01
Info: it is busy, waiting...
Info: read register 4 with data 01
Info: it is busy, waiting...
Info: read register 4 with data 01
Info: it is busy, waiting...
Info: read register 4 with data 01
Info: it is busy, waiting...
Info: read register 4 with data 01
Info: it is busy, waiting...
Info: read register 4 with data 01
Info: it is busy, waiting...
Info: read register 4 with data 01
Info: it is busy, waiting...
Info: read register 4 with data 01
Info: it is busy, waiting...
Info: read register 4 with data 00
Info: wrote register 0 with data 83
Info: wrote register 1 with data 7f
Info: wrote register 2 with data 9c
Info: wrote register 3 with data 72
Info: wrote register 4 with data 01
Info: it is busy, waiting...
Info: read register 4 with data 01
Info: it is busy, waiting...
Info: read register 4 with data 01
Info: it is busy, waiting...
Info: read register 4 with data 01
Info: it is busy, waiting...
Info: read register 4 with data 01
Info: it is busy, waiting...
Info: read register 4 with data 01
Info: it is busy, waiting...
Info: read register 4 with data 01
Info: it is busy, waiting...
Info: read register 4 with data 01
Info: it is busy, waiting...
Info: read register 4 with data 01
Info: it is busy, waiting...
Info: read register 4 with data 00
Info: wrote register 0 with data 7d
Info: wrote register 1 with data 81
Info: wrote register 2 with data 64
Info: wrote register 3 with data 8e
Info: wrote register 4 with data 01
Info: it is busy, waiting...
Info: read register 4 with data 01
Info: it is busy, waiting...
Info: read register 4 with data 01
Info: it is busy, waiting...
Info: read register 4 with data 01
Info: it is busy, waiting...
Info: read register 4 with data 01
Info: it is busy, waiting...
Info: read register 4 with data 01
Info: it is busy, waiting...
Info: read register 4 with data 01
Info: it is busy, waiting...
Info: read register 4 with data 01
Info: it is busy, waiting...
Info: read register 4 with data 01
Info: it is busy, waiting...
Info: read register 4 with data 00
Info: wrote register 0 with data 7f
Info: wrote register 1 with data 83
Info: wrote register 2 with data 72
Info: wrote register 3 with data 9c
Info: wrote register 4 with data 01
Info: it is busy, waiting...
Info: read register 4 with data 01
Info: it is busy, waiting...
Info: read register 4 with data 01
Info: it is busy, waiting...
Info: read register 4 with data 01
Info: it is busy, waiting...
Info: read register 4 with data 01
Info: it is busy, waiting...
Info: read register 4 with data 01
Info: it is busy, waiting...
Info: read register 4 with data 01
Info: it is busy, waiting...
Info: read register 4 with data 01
Info: it is busy, waiting...
Info: read register 4 with data 01
Info: it is busy, waiting...
Info: read register 4 with data 00
Info: wrote register 0 with data 81
Info: wrote register 1 with data 83
Info: wrote register 2 with data 8e
Info: wrote register 3 with data 9c
Info: wrote register 4 with data 01
Info: it is busy, waiting...
Info: read register 4 with data 01
Info: it is busy, waiting...
Info: read register 4 with data 01
Info: it is busy, waiting...
Info: read register 4 with data 01
Info: it is busy, waiting...
Info: read register 4 with data 01
Info: it is busy, waiting...
Info: read register 4 with data 01
Info: it is busy, waiting...
Info: read register 4 with data 01
Info: it is busy, waiting...
Info: read register 4 with data 01
Info: it is busy, waiting...
Info: read register 4 with data 01
Info: it is busy, waiting...
Info: read register 4 with data 00
Info: wrote register 0 with data 83
Info: wrote register 1 with data 81
Info: wrote register 2 with data 9c
Info: wrote register 3 with data 8e
Info: wrote register 4 with data 01
Info: it is busy, waiting...
Info: read register 4 with data 01
Info: it is busy, waiting...
Info: read register 4 with data 01
Info: it is busy, waiting...
Info: read register 4 with data 01
Info: it is busy, waiting...
Info: read register 4 with data 01
Info: it is busy, waiting...
Info: read register 4 with data 01
Info: it is busy, waiting...
Info: read register 4 with data 01
Info: it is busy, waiting...
Info: read register 4 with data 01
Info: it is busy, waiting...
Info: read register 4 with data 01
Info: it is busy, waiting...
Info: read register 4 with data 00
Info: tiff writer finished frame           0
Info: vertical blank interrupt at          32419890000
Info: tiff_writer started frame           1
